<?xml version="1.0" encoding="UTF-8"?>
<!-- Generated by org.testng.reporters.JUnitReportReporter -->
<testsuite hostname="TAYEFS" name="com.automation.qa.testcases.demo" tests="1" failures="0" timestamp="12 Jan 2020 18:31:42 GMT" time="7.988" errors="0">
  <testcase name="test" time="7.988" classname="com.automation.qa.testcases.demo"/>
</testsuite> <!-- com.automation.qa.testcases.demo -->
